[16:50:19] [ServerMain/INFO]: [bootstrap] Running Java 21 (OpenJDK 64-Bit Server VM 21.0.10+7-LTS; Microsoft Microsoft-13106404) on Windows 11 10.0 (amd64)
[16:50:19] [ServerMain/INFO]: [bootstrap] Loading Paper 1.21.4-232-ver/1.21.4@12d8fe0 (2025-06-09T10:15:42Z) for Minecraft 1.21.4
[16:50:19] [ServerMain/INFO]: [PluginInitializerManager] Initializing plugins...
[16:50:20] [ServerMain/INFO]: [PluginInitializerManager] Initialized 1 plugin
[16:50:20] [ServerMain/INFO]: [PluginInitializerManager] Bukkit plugins (1):
 - ssmenu (1.0-SNAPSHOT)
[16:50:22] [ServerMain/INFO]: Environment: Environment[sessionHost=https://sessionserver.mojang.com, servicesHost=https://api.minecraftservices.com, name=PROD]
[16:50:22] [ServerMain/INFO]: Found new data pack file/bukkit, loading it automatically
[16:50:22] [ServerMain/INFO]: Found new data pack paper, loading it automatically
[16:50:23] [ServerMain/INFO]: No existing world data, creating new world
[16:50:23] [ServerMain/INFO]: Loaded 1370 recipes
[16:50:23] [ServerMain/INFO]: Loaded 1481 advancements
[16:50:24] [ServerMain/INFO]: [MCTypeRegistry] Initialising converters for DataConverter...
[16:50:24] [ServerMain/INFO]: [MCTypeRegistry] Finished initialising converters for DataConverter in 117,1ms
[16:50:24] [Server thread/INFO]: Starting minecraft server version 1.21.4
[16:50:24] [Server thread/INFO]: Loading properties
[16:50:24] [Server thread/INFO]: This server is running Paper version 1.21.4-232-ver/1.21.4@12d8fe0 (2025-06-09T10:15:42Z) (Implementing API version 1.21.4-R0.1-SNAPSHOT)
[16:50:24] [Server thread/INFO]: [spark] This server bundles the spark profiler. For more information please visit https://docs.papermc.io/paper/profiling
[16:50:24] [Server thread/INFO]: Using 4 threads for Netty based IO
[16:50:24] [Server thread/INFO]: Server Ping Player Sample Count: 12
[16:50:24] [Server thread/INFO]: [MoonriseCommon] Paper is using 6 worker threads, 1 I/O threads
[16:50:24] [Server thread/INFO]: [ChunkTaskScheduler] Chunk system is using population gen parallelism: true
[16:50:24] [Server thread/INFO]: Default game type: SURVIVAL
[16:50:24] [Server thread/INFO]: Generating keypair
[16:50:24] [Server thread/INFO]: Starting Minecraft server on *:25565
[16:50:24] [Server thread/INFO]: Using default channel type
[16:50:25] [Server thread/INFO]: Paper: Using Java compression from Velocity.
[16:50:25] [Server thread/INFO]: Paper: Using Java cipher from Velocity.
[16:50:25] [Server thread/INFO]: [ssmenu] Loading server plugin ssmenu v1.0-SNAPSHOT
[16:50:25] [Server thread/INFO]: Preparing level "world"
[16:50:27] [Server thread/INFO]: Preparing start region for dimension minecraft:overworld
[16:50:27] [Server thread/INFO]: Preparing spawn area: 0%
[16:50:27] [Server thread/INFO]: Preparing spawn area: 2%
[16:50:28] [Server thread/INFO]: Preparing spawn area: 53%
[16:50:28] [Server thread/INFO]: Time elapsed: 1183 ms
[16:50:28] [Server thread/INFO]: Preparing start region for dimension minecraft:the_nether
[16:50:28] [Server thread/INFO]: Preparing spawn area: 2%
[16:50:28] [Server thread/INFO]: Time elapsed: 177 ms
[16:50:28] [Server thread/INFO]: Preparing start region for dimension minecraft:the_end
[16:50:28] [Server thread/INFO]: Preparing spawn area: 2%
[16:50:28] [Server thread/INFO]: Time elapsed: 48 ms
[16:50:28] [Server thread/INFO]: [ssmenu] Enabling ssmenu v1.0-SNAPSHOT
[16:50:28] [Server thread/INFO]: [spark] Starting background profiler...
[16:50:28] [Server thread/INFO]: [spark] The async-profiler engine is not supported for your os/arch (windows11/amd64), so the built-in Java engine will be used instead.
[16:50:29] [Server thread/INFO]: Done preparing level "world" (3.931s)
[16:50:29] [Server thread/INFO]: Running delayed init tasks
[16:50:29] [Server thread/INFO]: Done (10.181s)! For help, type "help"
